<?xml version="1.0" encoding="UTF-8"?>
<!-- Generated by org.testng.reporters.JUnitReportReporter -->
<testsuite hostname="DESKTOP-L4S0S29" failures="0" tests="4" name="com.qa.neworbit.tests.SearchResultPageTest" time="170.155" errors="0" timestamp="2025-07-30T22:25:46 IST" skipped="0">
  <testcase classname="com.qa.neworbit.tests.SearchResultPageTest" name="navigate" time="68.667"/>
  <testcase classname="com.qa.neworbit.tests.SearchResultPageTest" name="titleverify" time="0.016"/>
  <testcase classname="com.qa.neworbit.tests.SearchResultPageTest" name="hotelcount" time="39.897"/>
  <testcase classname="com.qa.neworbit.tests.SearchResultPageTest" name="selecthotel" time="61.575"/>
</testsuite> <!-- com.qa.neworbit.tests.SearchResultPageTest -->
