<?xml version="1.0" encoding="UTF-8"?>
<!-- Generated by org.testng.reporters.JUnitReportReporter -->
<testsuite hostname="DESKTOP-L4S0S29" failures="0" tests="4" name="com.qa.neworbit.tests.SearchResultPageTest" time="104.739" errors="0" timestamp="2025-07-08T07:39:13 IST" skipped="0">
  <testcase classname="com.qa.neworbit.tests.SearchResultPageTest" name="navigate" time="21.192"/>
  <testcase classname="com.qa.neworbit.tests.SearchResultPageTest" name="titleverify" time="0.022"/>
  <testcase classname="com.qa.neworbit.tests.SearchResultPageTest" name="hotelcount" time="42.942"/>
  <testcase classname="com.qa.neworbit.tests.SearchResultPageTest" name="selecthotel" time="40.583"/>
</testsuite> <!-- com.qa.neworbit.tests.SearchResultPageTest -->
