<?xml version="1.0" encoding="UTF-8"?>
<!-- Generated by org.testng.reporters.JUnitReportReporter -->
<testsuite hostname="DESKTOP-L4S0S29" failures="0" tests="2" name="com.qa.neworbit.tests.LoginPageTest" time="27.801" errors="0" timestamp="2025-08-25T23:16:08 IST" skipped="0">
  <testcase classname="com.qa.neworbit.tests.LoginPageTest" name="Title" time="0.008"/>
  <testcase classname="com.qa.neworbit.tests.LoginPageTest" name="Testlogin" time="27.793"/>
</testsuite> <!-- com.qa.neworbit.tests.LoginPageTest -->
