<?xml version="1.0" encoding="UTF-8"?>
<!-- Generated by org.testng.reporters.JUnitReportReporter -->
<testsuite hostname="DESKTOP-L4S0S29" failures="0" tests="4" name="com.qa.neworbit.tests.SearchResultPageTest" time="152.084" errors="0" timestamp="2025-04-24T23:34:54 IST" skipped="0">
  <testcase classname="com.qa.neworbit.tests.SearchResultPageTest" name="navigate" time="73.736"/>
  <testcase classname="com.qa.neworbit.tests.SearchResultPageTest" name="titleverify" time="0.044"/>
  <testcase classname="com.qa.neworbit.tests.SearchResultPageTest" name="hotelcount" time="37.383"/>
  <testcase classname="com.qa.neworbit.tests.SearchResultPageTest" name="selecthotel" time="40.921"/>
</testsuite> <!-- com.qa.neworbit.tests.SearchResultPageTest -->
